2020-08-18 12:20:01
Message: Страница не найдена
File: D:\downloads\openserver\OSPanel\domains\shop1.loc\vendor\shop\core\Router.php
Line: D:\downloads\openserver\OSPanel\domains\shop1.loc\vendor\shop\core\Router.php

2020-08-18 12:20:01
Message: Страница не найдена
File: D:\downloads\openserver\OSPanel\domains\shop1.loc\vendor\shop\core\Router.php
Line: D:\downloads\openserver\OSPanel\domains\shop1.loc\vendor\shop\core\Router.php

2020-08-18 12:20:11
Message: Страница не найдена, увы
File: D:\downloads\openserver\OSPanel\domains\shop1.loc\vendor\shop\core\Router.php
Line: D:\downloads\openserver\OSPanel\domains\shop1.loc\vendor\shop\core\Router.php

2020-08-18 12:48:17
Message: Страница не найдена, увы
File: D:\downloads\openserver\OSPanel\domains\shop1.loc\vendor\shop\core\Router.php
Line: D:\downloads\openserver\OSPanel\domains\shop1.loc\vendor\shop\core\Router.php

2020-08-18 12:50:09
Message: Страница не найдена, увы
File: D:\downloads\openserver\OSPanel\domains\shop1.loc\vendor\shop\core\Router.php
Line: D:\downloads\openserver\OSPanel\domains\shop1.loc\vendor\shop\core\Router.php

2020-08-18 12:57:03
Message: app\Controllers\dashboard\PagesNewController не найден
File: D:\downloads\openserver\OSPanel\domains\shop1.loc\vendor\shop\core\Router.php
Line: D:\downloads\openserver\OSPanel\domains\shop1.loc\vendor\shop\core\Router.php

2020-08-18 12:57:27
Message: app\Controllers\dashboard\PagesNewController не найден
File: D:\downloads\openserver\OSPanel\domains\shop1.loc\vendor\shop\core\Router.php
Line: D:\downloads\openserver\OSPanel\domains\shop1.loc\vendor\shop\core\Router.php

2020-08-18 12:57:58
Message: app\Controllers\MainController не найден
File: D:\downloads\openserver\OSPanel\domains\shop1.loc\vendor\shop\core\Router.php
Line: D:\downloads\openserver\OSPanel\domains\shop1.loc\vendor\shop\core\Router.php

2020-08-18 14:18:13
Message: app\Controllers\dashboard\MainController не найден
File: D:\downloads\openserver\OSPanel\domains\shop1.loc\vendor\shop\core\Router.php
Line: D:\downloads\openserver\OSPanel\domains\shop1.loc\vendor\shop\core\Router.php

2020-08-18 14:19:38
Message: app\Controllers\dashboard\MainController не найден
File: D:\downloads\openserver\OSPanel\domains\shop1.loc\vendor\shop\core\Router.php
Line: D:\downloads\openserver\OSPanel\domains\shop1.loc\vendor\shop\core\Router.php

2020-08-18 14:19:39
Message: app\Controllers\dashboard\MainController не найден
File: D:\downloads\openserver\OSPanel\domains\shop1.loc\vendor\shop\core\Router.php
Line: D:\downloads\openserver\OSPanel\domains\shop1.loc\vendor\shop\core\Router.php

2020-08-18 14:20:33
Message: app\Controllers\dashboardDashboard\MainController не найден
File: D:\downloads\openserver\OSPanel\domains\shop1.loc\vendor\shop\core\Router.php
Line: D:\downloads\openserver\OSPanel\domains\shop1.loc\vendor\shop\core\Router.php

2020-08-18 14:20:47
Message: app\Controllers\Dashboard\MainController не найден
File: D:\downloads\openserver\OSPanel\domains\shop1.loc\vendor\shop\core\Router.php
Line: D:\downloads\openserver\OSPanel\domains\shop1.loc\vendor\shop\core\Router.php

2020-08-18 14:26:12
Message: app\Controllers\PageController не найден
File: D:\downloads\openserver\OSPanel\domains\shop1.loc\vendor\shop\core\Router.php
Line: D:\downloads\openserver\OSPanel\domains\shop1.loc\vendor\shop\core\Router.php

2020-08-18 16:13:33
Message: Страница не найдена, увы
File: D:\downloads\openserver\OSPanel\domains\shop1.loc\vendor\shop\core\Router.php
Line: D:\downloads\openserver\OSPanel\domains\shop1.loc\vendor\shop\core\Router.php

2020-08-18 16:25:00
Message: Не найден вид d:\downloads\openserver\ospanel\domains\shop1.loc/resources/views/main/index.php
File: D:\downloads\openserver\OSPanel\domains\shop1.loc\vendor\shop\core\base\View.php
Line: D:\downloads\openserver\OSPanel\domains\shop1.loc\vendor\shop\core\base\View.php

2020-08-18 18:23:23
Message: Страница не найдена, увы
File: D:\downloads\openserver\OSPanel\domains\shop1.loc\vendor\shop\core\Router.php
Line: D:\downloads\openserver\OSPanel\domains\shop1.loc\vendor\shop\core\Router.php

