2020-08-19 12:18:31
Message: app\Controllers\PageController не найден
File: D:\downloads\openserver\OSPanel\domains\shop1.loc\vendor\shop\core\Router.php
Line: D:\downloads\openserver\OSPanel\domains\shop1.loc\vendor\shop\core\Router.php

2020-08-19 12:18:31
Message: Страница не найдена, увы
File: D:\downloads\openserver\OSPanel\domains\shop1.loc\vendor\shop\core\Router.php
Line: D:\downloads\openserver\OSPanel\domains\shop1.loc\vendor\shop\core\Router.php

2020-08-19 12:18:55
Message: app\Controllers\PageController не найден
File: D:\downloads\openserver\OSPanel\domains\shop1.loc\vendor\shop\core\Router.php
Line: D:\downloads\openserver\OSPanel\domains\shop1.loc\vendor\shop\core\Router.php

2020-08-19 12:18:55
Message: Страница не найдена, увы
File: D:\downloads\openserver\OSPanel\domains\shop1.loc\vendor\shop\core\Router.php
Line: D:\downloads\openserver\OSPanel\domains\shop1.loc\vendor\shop\core\Router.php

2020-08-19 12:23:45
Message: Страница не найдена, увы
File: D:\downloads\openserver\OSPanel\domains\shop1.loc\vendor\shop\core\Router.php
Line: D:\downloads\openserver\OSPanel\domains\shop1.loc\vendor\shop\core\Router.php

2020-08-19 12:23:59
Message: Страница не найдена, увы
File: D:\downloads\openserver\OSPanel\domains\shop1.loc\vendor\shop\core\Router.php
Line: D:\downloads\openserver\OSPanel\domains\shop1.loc\vendor\shop\core\Router.php

2020-08-19 12:24:07
Message: Страница не найдена, увы
File: D:\downloads\openserver\OSPanel\domains\shop1.loc\vendor\shop\core\Router.php
Line: D:\downloads\openserver\OSPanel\domains\shop1.loc\vendor\shop\core\Router.php

2020-08-19 12:24:55
Message: Страница не найдена, увы
File: D:\downloads\openserver\OSPanel\domains\shop1.loc\vendor\shop\core\Router.php
Line: D:\downloads\openserver\OSPanel\domains\shop1.loc\vendor\shop\core\Router.php

2020-08-19 12:25:50
Message: Страница не найдена, увы
File: D:\downloads\openserver\OSPanel\domains\shop1.loc\vendor\shop\core\Router.php
Line: D:\downloads\openserver\OSPanel\domains\shop1.loc\vendor\shop\core\Router.php

2020-08-19 14:32:36
Message: Не удалось подключится к бд
File: D:\downloads\openserver\OSPanel\domains\shop1.loc\vendor\shop\core\DB.php
Line: D:\downloads\openserver\OSPanel\domains\shop1.loc\vendor\shop\core\DB.php

2020-08-19 14:43:47
Message: Class 'R' not found
File: D:\downloads\openserver\OSPanel\domains\shop1.loc\app\Controllers\MainController.php
Line: D:\downloads\openserver\OSPanel\domains\shop1.loc\app\Controllers\MainController.php

2020-08-19 17:42:06
Message: Страница не найдена, увы
File: D:\downloads\openserver\OSPanel\domains\shop1.loc\vendor\shop\core\Router.php
Line: D:\downloads\openserver\OSPanel\domains\shop1.loc\vendor\shop\core\Router.php

2020-08-19 18:30:20
Message: Страница не найдена, увы
File: D:\downloads\openserver\OSPanel\domains\shop1.loc\vendor\shop\core\Router.php
Line: D:\downloads\openserver\OSPanel\domains\shop1.loc\vendor\shop\core\Router.php

